2024-10-08 21:30:17,076 INFO App started successfully
2024-10-08 21:30:19,648 INFO App started successfully
2024-10-08 21:30:21,281 INFO App started successfully
2024-10-08 21:30:34,500 INFO App started successfully
2024-10-08 21:30:37,445 INFO App started successfully
2024-10-08 21:30:50,219 INFO App started successfully
2024-10-08 21:30:50,225 INFO Loaded unique ID state successfully
2024-10-08 21:31:01,328 INFO App started successfully
2024-10-08 21:31:01,335 INFO Loaded unique ID state successfully
2024-10-08 21:31:12,953 INFO App started successfully
2024-10-08 21:31:12,962 INFO Loaded unique ID state successfully
2024-10-08 21:31:23,139 INFO App started successfully
2024-10-08 21:31:23,145 INFO Loaded unique ID state successfully
2024-10-08 21:31:27,332 INFO Saved unique ID state successfully
2024-10-08 21:31:28,571 INFO App started successfully
2024-10-08 21:31:28,577 INFO Loaded unique ID state successfully
2024-10-08 21:34:10,938 INFO Saved unique ID state successfully
2024-10-08 21:34:12,304 INFO App started successfully
2024-10-08 21:34:12,312 INFO Loaded unique ID state successfully
2024-10-08 21:34:14,159 INFO Saved unique ID state successfully
2024-10-08 21:34:15,400 INFO App started successfully
2024-10-08 21:34:15,407 INFO Loaded unique ID state successfully
2024-10-08 21:34:17,477 INFO Saved unique ID state successfully
2024-10-08 21:34:18,770 INFO App started successfully
2024-10-08 21:34:18,777 INFO Loaded unique ID state successfully
2024-10-08 21:34:18,778 INFO Saved unique ID state successfully
2024-10-08 21:34:20,037 INFO App started successfully
2024-10-08 21:34:20,047 INFO Loaded unique ID state successfully
2024-10-08 21:34:22,451 INFO Saved unique ID state successfully
2024-10-08 21:34:23,694 INFO App started successfully
2024-10-08 21:34:23,701 INFO Loaded unique ID state successfully
2024-10-08 21:34:26,320 INFO Saved unique ID state successfully
2024-10-08 21:34:27,605 INFO App started successfully
2024-10-08 21:34:27,616 INFO Loaded unique ID state successfully
2024-10-08 21:34:29,686 INFO Saved unique ID state successfully
2024-10-08 21:34:30,927 INFO App started successfully
2024-10-08 21:34:30,936 INFO Loaded unique ID state successfully
2024-10-08 21:34:34,093 INFO Saved unique ID state successfully
2024-10-08 21:34:35,336 INFO App started successfully
2024-10-08 21:34:35,343 INFO Loaded unique ID state successfully
2024-10-08 21:34:38,189 INFO Saved unique ID state successfully
2024-10-08 21:34:39,400 INFO App started successfully
2024-10-08 21:34:39,408 INFO Loaded unique ID state successfully
2024-10-08 21:34:40,610 INFO Saved unique ID state successfully
2024-10-08 21:34:43,595 INFO App started successfully
2024-10-08 21:34:43,603 INFO Loaded unique ID state successfully
2024-10-08 21:38:12,474 INFO Saved unique ID state successfully
2024-10-08 21:38:13,735 INFO App started successfully
2024-10-08 21:38:13,742 INFO Loaded unique ID state successfully
2024-10-08 21:38:13,743 INFO Saved unique ID state successfully
2024-10-08 21:38:14,991 INFO App started successfully
2024-10-08 21:38:14,999 INFO Loaded unique ID state successfully
2024-10-08 21:43:17,303 INFO Saved unique ID state successfully
2024-10-08 21:43:18,603 - main - INFO - App started successfully
2024-10-08 21:43:18,611 - main - INFO - Loaded unique ID state successfully
2024-10-08 21:43:18,612 - main - INFO - Saved unique ID state successfully
2024-10-08 21:43:19,833 - main - INFO - App started successfully
2024-10-08 21:43:19,841 - main - INFO - Loaded unique ID state successfully
2024-10-08 21:43:20,275 - main - INFO - Saved unique ID state successfully
2024-10-08 21:43:21,460 - main - INFO - App started successfully
2024-10-08 21:43:21,468 - main - INFO - Loaded unique ID state successfully
2024-10-08 21:43:24,530 - main - INFO - Saved unique ID state successfully
2024-10-08 21:43:25,807 - main - INFO - App started successfully
2024-10-08 21:43:25,815 - main - INFO - Loaded unique ID state successfully
2024-10-08 21:43:31,184 - main - INFO - Saved unique ID state successfully
2024-10-08 21:43:32,478 - main - INFO - App started successfully
2024-10-08 21:43:32,484 - main - INFO - Loaded unique ID state successfully
2024-10-08 21:45:43,735 - main - INFO - Saved unique ID state successfully
2024-10-08 21:45:45,131 - aiomysql - DEBUG - caching sha2: succeeded by fast path.
2024-10-08 21:45:45,139 - main - INFO - App started successfully
2024-10-08 21:45:45,145 - main - INFO - Loaded unique ID state successfully
2024-10-08 21:45:45,147 - main - INFO - Saved unique ID state successfully
2024-10-08 21:45:46,338 - aiomysql - DEBUG - caching sha2: succeeded by fast path.
2024-10-08 21:45:46,347 - main - INFO - App started successfully
2024-10-08 21:45:46,356 - main - INFO - Loaded unique ID state successfully
2024-10-08 21:47:48,079 - main - INFO - Saved unique ID state successfully
